<?xml version="1.0" encoding="UTF-8"?>
<!-- Generated by org.testng.reporters.JUnitXMLReporter -->
<testsuite ignored="0" hostname="LAPTOP-9O068DHJ" failures="0" tests="2" name="Default test" time="25.16" errors="0" timestamp="2024-03-18T12:33:18 EDT">
  <testcase classname="com.firebasetest.FirebaseAutomationTest" name="VaildLogin_FireBase_TestScript" time="16.975"/>
  <testcase classname="com.firebasetest.FirebaseAutomationTest" name="errorLogin_FireBase_TestScript" time="8.127"/>
</testsuite> <!-- Default test -->
