<?xml version="1.0" encoding="UTF-8"?>
<!-- Generated by org.testng.reporters.JUnitXMLReporter -->
<testsuite ignored="0" hostname="LAPTOP-9O068DHJ" failures="0" tests="2" name="Test" time="29.878" errors="0" timestamp="2024-03-18T15:34:46 EDT">
  <testcase classname="com.firebasetest.FirebaseAutomationTest" name="VaildLogin_FireBase_TestScript" time="20.852"/>
  <testcase classname="com.firebasetest.FirebaseAutomationTest" name="errorLogin_FireBase_TestScript" time="8.941"/>
</testsuite> <!-- Test -->
