<?xml version="1.0" encoding="UTF-8"?>
<!-- Generated by org.testng.reporters.JUnitXMLReporter -->
<testsuite ignored="0" hostname="LAPTOP-9O068DHJ" failures="0" tests="2" name="Test" time="27.48" errors="0" timestamp="2024-03-18T17:02:33 EDT">
  <testcase classname="com.firebasetest.FirebaseAutomationTest" name="VaildLogin_FireBase_TestScript" time="18.762"/>
  <testcase classname="com.firebasetest.FirebaseAutomationTest" name="errorLogin_FireBase_TestScript" time="8.642"/>
</testsuite> <!-- Test -->
