<?xml version="1.0" encoding="UTF-8"?>
<testsuite xmlns:xsi="http://www.w3.org/2001/XMLSchema-instance" xsi:noNamespaceSchemaLocation="https://maven.apache.org/surefire/maven-surefire-plugin/xsd/surefire-test-report.xsd" name="TestSuite" time="31.512" tests="2" errors="0" skipped="0" failures="0">
  <properties>
[...]
</properties>
  <testcase name="VaildLogin_FireBase_TestScript" classname="com.firebasetest.FirebaseAutomationTest" time="20.849"/>
  <testcase name="errorLogin_FireBase_TestScript" classname="com.firebasetest.FirebaseAutomationTest" time="8.943"/>
</testsuite>